Generated Block Diagram.
Rasterizing microblaze_0.jpg.....
Rasterizing mb_plb.jpg.....
Rasterizing ilmb.jpg.....
Rasterizing dlmb.jpg.....
Rasterizing dlmb_cntlr.jpg.....
Rasterizing ilmb_cntlr.jpg.....
Rasterizing lmb_bram.jpg.....
Rasterizing RS232_Uart_1.jpg.....
Rasterizing LEDs_8Bit.jpg.....
Rasterizing LEDs_Positions.jpg.....
Rasterizing SRAM.jpg.....
Rasterizing DDR2_SDRAM.jpg.....
Rasterizing DIP_Switches_8Bit.jpg.....
Rasterizing clock_generator_0.jpg.....
Rasterizing mdm_0.jpg.....
Rasterizing proc_sys_reset_0.jpg.....
Rasterizing xps_timer_0.jpg.....
Rasterizing xps_intc_0.jpg.....
Rasterizing encrypt_top_0.jpg.....
Rasterizing fsl_v20_0.jpg.....
Rasterizing fsl_v20_1.jpg.....
Rasterizing fsl_v20_2.jpg.....
Rasterizing system_blkd.jpg.....
Report generated.
Report generation completed.
